[?25lBuilding sites … [?25h[K
                   | EN   
+------------------+-----+
  Pages            | 448  
  Paginator pages  |   2  
  Non-page files   |   1  
  Static files     | 201  
  Processed images |   0  
  Aliases          |   9  
  Sitemaps         |   1  
  Cleaned          |   0  

Total in 13001 ms
Watching for changes in /Users/ed/src/github.com/vielmetti/commonplace/{content,layouts,static,themes}
Serving pages from memory
Running in Fast Render Mode. For full rebuilds on change: hugo server --disableFastRender
Web Server is available at http://localhost:1313/commonplace/ (bind address 127.0.0.1)
Press Ctrl+C to stop

Change detected, rebuilding site
2018-04-06 19:58:06.025 -0400
Source changed "/Users/ed/src/github.com/vielmetti/commonplace/content/radio/am-broadcast/koa.md": CREATE
Total in 1276 ms

Change detected, rebuilding site
2018-04-06 19:58:45.018 -0400
Source changed "/Users/ed/src/github.com/vielmetti/commonplace/content/radio/am-broadcast/koa.md": CREATE
Total in 838 ms

Change detected, rebuilding site
2018-04-06 22:21:52.920 -0400
Source changed "/Users/ed/src/github.com/vielmetti/commonplace/content/radio/am-broadcast/wqwk.md": CREATE
Total in 750 ms

Change detected, rebuilding site
2018-04-06 22:23:04.909 -0400
Source changed "/Users/ed/src/github.com/vielmetti/commonplace/content/radio/am-broadcast/wqwk.md": CREATE
Total in 612 ms

Change detected, rebuilding site
2018-04-06 22:24:01.912 -0400
Source changed "/Users/ed/src/github.com/vielmetti/commonplace/content/baseball/national-league/pittsburgh-pirates.md": CREATE
Total in 427 ms

Change detected, rebuilding site
2018-04-06 22:24:47.912 -0400
Source changed "/Users/ed/src/github.com/vielmetti/commonplace/content/radio/am-broadcast/wqwk.md": CREATE
Total in 462 ms

Change detected, rebuilding site
2018-04-06 22:25:00.909 -0400
Source changed "/Users/ed/src/github.com/vielmetti/commonplace/content/radio/am-broadcast/wqwk.md": CREATE
Total in 459 ms

Change detected, rebuilding site
2018-04-06 22:27:05.478 -0400
Source changed "/Users/ed/src/github.com/vielmetti/commonplace/content/radio/grid/FN.md": CREATE
Total in 545 ms

Change detected, rebuilding site
2018-04-06 22:37:05.488 -0400
Source changed "/Users/ed/src/github.com/vielmetti/commonplace/content/radio/grid/FN.md": CREATE
Total in 410 ms

Change detected, rebuilding site
2018-04-06 22:37:52.487 -0400
Source changed "/Users/ed/src/github.com/vielmetti/commonplace/content/radio/am-broadcast/cjcl.md": CREATE
Total in 646 ms

Change detected, rebuilding site
2018-04-06 22:41:11.490 -0400
Source changed "/Users/ed/src/github.com/vielmetti/commonplace/content/radio/grid/FN.md": CREATE
Total in 530 ms

Change detected, rebuilding site
2018-04-07 00:46:18.727 -0400
Source changed "/Users/ed/src/github.com/vielmetti/commonplace/content/radio/am-broadcast/klaa.md": WRITE
Total in 553 ms

Change detected, rebuilding site
2018-04-07 00:48:57.726 -0400
Source changed "/Users/ed/src/github.com/vielmetti/commonplace/content/radio/am-broadcast/klaa.md": CREATE
Total in 545 ms

Change detected, rebuilding site
2018-04-07 00:50:49.724 -0400
Source changed "/Users/ed/src/github.com/vielmetti/commonplace/content/radio/grid/DM.md": CREATE
Total in 590 ms

Change detected, rebuilding site
2018-04-07 00:53:46.729 -0400
Source changed "/Users/ed/src/github.com/vielmetti/commonplace/content/radio/am-broadcast/cfgo.md": CREATE
Total in 524 ms

Change detected, rebuilding site
2018-04-07 00:53:54.727 -0400
Source changed "/Users/ed/src/github.com/vielmetti/commonplace/content/radio/am-broadcast/cfgo.md": CREATE
Total in 458 ms

Change detected, rebuilding site
2018-04-07 00:54:11.730 -0400
Source changed "/Users/ed/src/github.com/vielmetti/commonplace/content/radio/am-broadcast/cisl.md": CREATE
Total in 508 ms

Change detected, rebuilding site
2018-04-07 00:55:15.730 -0400
Source changed "/Users/ed/src/github.com/vielmetti/commonplace/content/radio/am-broadcast/cjcl.md": CREATE
Total in 532 ms

Change detected, rebuilding site
2018-04-07 00:57:44.731 -0400
Source changed "/Users/ed/src/github.com/vielmetti/commonplace/content/radio/am-broadcast/kall.md": CREATE
Total in 837 ms

Change detected, rebuilding site
2018-04-07 00:57:49.729 -0400
Source changed "/Users/ed/src/github.com/vielmetti/commonplace/content/radio/am-broadcast/kall.md": CREATE
Total in 690 ms

Change detected, rebuilding site
2018-04-07 00:58:20.730 -0400
Source changed "/Users/ed/src/github.com/vielmetti/commonplace/content/radio/am-broadcast/kcsp.md": CREATE
Total in 470 ms

Change detected, rebuilding site
2018-04-07 00:58:43.728 -0400
Source changed "/Users/ed/src/github.com/vielmetti/commonplace/content/radio/am-broadcast/kdal.md": CREATE
Total in 345 ms

Change detected, rebuilding site
2018-04-07 01:03:22.737 -0400
Source changed "/Users/ed/src/github.com/vielmetti/commonplace/content/radio/am-broadcast/kebc.md": CREATE
Total in 452 ms

Change detected, rebuilding site
2018-04-07 01:04:54.735 -0400
Source changed "/Users/ed/src/github.com/vielmetti/commonplace/content/radio/am-broadcast/khtk.md": CREATE
Total in 404 ms

Change detected, rebuilding site
2018-04-07 01:07:47.736 -0400
Source changed "/Users/ed/src/github.com/vielmetti/commonplace/content/radio/am-broadcast/kiki.md": CREATE
Total in 519 ms

Change detected, rebuilding site
2018-04-07 01:09:00.740 -0400
Source changed "/Users/ed/src/github.com/vielmetti/commonplace/content/baseball/american-league/los-angeles-angels.md": CREATE
Total in 459 ms

Change detected, rebuilding site
2018-04-07 01:10:17.762 -0400
Source changed "/Users/ed/src/github.com/vielmetti/commonplace/content/baseball/american-league/los-angeles-angels.md": CREATE
Total in 506 ms

Change detected, rebuilding site
2018-04-07 01:10:51.738 -0400
Source changed "/Users/ed/src/github.com/vielmetti/commonplace/content/baseball/american-league/los-angeles-angels.md": CREATE
Total in 436 ms
